19:48:28 - INFO - ##################################################
19:48:28 - INFO - ## Starting the process
19:48:28 - INFO - ##################################################
19:48:29 - INFO - ##################################################
19:48:29 - INFO - ## Starting the data loading process
19:48:29 - INFO - ##################################################
19:48:29 - INFO - There are 104 files to be loaded
19:48:29 - INFO - Contents of BBC1 loaded
19:48:29 - INFO - Contents of BBC2 loaded
19:48:29 - INFO - Contents of BBC3 loaded
19:48:29 - INFO - Contents of BBC4 loaded
19:48:29 - INFO - Contents of BBC5 loaded
19:48:29 - INFO - Contents of CricBuzzArticle1 loaded
19:48:29 - INFO - Contents of CricBuzzArticle10 loaded
19:48:29 - INFO - Contents of CricBuzzArticle11 loaded
19:48:29 - INFO - Contents of CricBuzzArticle12 loaded
19:48:29 - INFO - Contents of CricBuzzArticle13 loaded
19:48:29 - INFO - Contents of CricBuzzArticle14 loaded
19:48:29 - INFO - Contents of CricBuzzArticle15 loaded
19:48:29 - INFO - Contents of CricBuzzArticle16 loaded
19:48:29 - INFO - Contents of CricBuzzArticle17 loaded
19:48:29 - INFO - Contents of CricBuzzArticle18 loaded
19:48:29 - INFO - Contents of CricBuzzArticle19 loaded
19:48:29 - INFO - Contents of CricBuzzArticle2 loaded
19:48:29 - INFO - Contents of CricBuzzArticle20 loaded
19:48:29 - INFO - Contents of CricBuzzArticle21 loaded
19:48:29 - INFO - Contents of CricBuzzArticle22 loaded
19:48:29 - INFO - Contents of CricBuzzArticle3 loaded
19:48:29 - INFO - Contents of CricBuzzArticle4 loaded
19:48:29 - INFO - Contents of CricBuzzArticle5 loaded
19:48:29 - INFO - Contents of CricBuzzArticle6 loaded
19:48:29 - INFO - Contents of CricBuzzArticle7 loaded
19:48:29 - INFO - Contents of CricBuzzArticle9 loaded
19:48:29 - INFO - Contents of ESPNCricinfoArticle1 loaded
19:48:29 - INFO - Contents of ESPNCricinfoArticle10 loaded
19:48:29 - INFO - Contents of ESPNCricinfoArticle11 loaded
19:48:29 - INFO - Contents of ESPNCricinfoArticle12 loaded
19:48:29 - INFO - Contents of ESPNCricinfoArticle13 loaded
19:48:29 - INFO - Contents of ESPNCricinfoArticle19 loaded
19:48:29 - INFO - Contents of ESPNCricinfoArticle2 loaded
19:48:29 - INFO - Contents of ESPNCricinfoArticle20 loaded
19:48:29 - INFO - Contents of ESPNCricinfoArticle3 loaded
19:48:29 - INFO - Contents of ESPNCricinfoArticle4 loaded
19:48:29 - INFO - Contents of ESPNCricinfoArticle5 loaded
19:48:29 - INFO - Contents of ESPNCricinfoArticle6 loaded
19:48:29 - INFO - Contents of ESPNCricinfoArticle7 loaded
19:48:29 - INFO - Contents of ESPNCricinfoArticle8 loaded
19:48:29 - INFO - Contents of ESPNCricinfoArticle9 loaded
19:48:29 - INFO - Contents of RiseOfKohli loaded
19:48:29 - INFO - Contents of Rohit_Effortness loaded
19:48:29 - INFO - Contents of Sachin-A-four-month-honeymoon loaded
19:48:29 - INFO - Contents of Sachin-A-Glorious-English-Summer loaded
19:48:29 - INFO - Contents of Sachin-Anjali loaded
19:48:29 - INFO - Contents of Sachin-Away-Wins loaded
19:48:29 - INFO - Contents of Sachin-Bad-Language loaded
19:48:29 - INFO - Contents of Sachin-Bouncing-Back loaded
19:48:29 - INFO - Contents of Sachin-Captaincy-First-Stint loaded
19:48:29 - INFO - Contents of Sachin-Childhood loaded
19:48:29 - INFO - Contents of Sachin-Endulkar loaded
19:48:29 - INFO - Contents of Sachin-Foreign-Conditions loaded
19:48:29 - INFO - Contents of Sachin-Last-Word loaded
19:48:29 - INFO - Contents of Sachin-Learning-the-game loaded
19:48:29 - INFO - Contents of Sachin-My-first-tour loaded
19:48:29 - INFO - Contents of Sachin-My-last-full-season loaded
19:48:29 - INFO - Contents of Sachin-Number-One loaded
19:48:29 - INFO - Contents of Sachin-Standing-up-for-myself loaded
19:48:29 - INFO - Contents of Sachin-Staying-at-the-top loaded
19:48:29 - INFO - Contents of Sachin-the-best-series-ever loaded
19:48:29 - INFO - Contents of Sachin-The-Final-test loaded
19:48:29 - INFO - Contents of Sachin-The-IPL loaded
19:48:29 - INFO - Contents of Sachin-The-Quest-for-the-100th-hundred loaded
19:48:29 - INFO - Contents of Sachin-tumultous-times loaded
19:48:29 - INFO - Contents of Sachin-Under-the-knife loaded
19:48:29 - INFO - Contents of Sachin-Winding-Down loaded
19:48:29 - INFO - Contents of Sachin-World-Cup-1996 loaded
19:48:29 - INFO - Contents of Sachin-World-Cup-2003 loaded
19:48:29 - INFO - Contents of Sachin-World-Cup-2011 loaded
19:48:29 - INFO - Contents of Sachin-Years-of-consolidation loaded
19:48:29 - INFO - Contents of ShaneWarne-A-Head-Full-of-Dreams loaded
19:48:29 - INFO - Contents of ShaneWarne-Adventure-of-a-Lifetime loaded
19:48:29 - INFO - Contents of ShaneWarne-Changes loaded
19:48:29 - INFO - Contents of ShaneWarne-Growin-Up loaded
19:48:29 - INFO - Contents of ShaneWarne-Heroes loaded
19:48:29 - INFO - Contents of ShaneWarne-Satisfaction loaded
19:48:29 - INFO - Contents of ShaneWarne-Something-in-the-Air loaded
19:48:29 - INFO - Contents of ShaneWarne-The-Rising loaded
19:48:29 - INFO - Contents of ShaneWarne-Unguarded-Moment loaded
19:48:29 - INFO - Contents of VVSLaxman-Catching-Them-Cold loaded
19:48:29 - INFO - Contents of VVSLaxman-Decision-Time-Cricket-or-Medicine loaded
19:48:29 - INFO - Contents of VVSLaxman-Eden-Gardens-The-Theatre-of-My-Dreams loaded
19:48:29 - INFO - Contents of VVSLaxman-Going-Out-on-My-Terms loaded
19:48:29 - INFO - Contents of VVSLaxman-Mr-Comeback-Man loaded
19:48:29 - INFO - Contents of VVSLaxman-My-Batting-Mates loaded
19:48:29 - INFO - Contents of VVSLaxman-My-Best-Partnership loaded
19:48:29 - INFO - Contents of VVSLaxman-Of-Laughter-and-Loneliness loaded
19:48:29 - INFO - Contents of VVSLaxman-Test-Cap-No-209 loaded
19:48:29 - INFO - Contents of VVSLaxman-The-Beginning-of-the-End loaded
19:48:29 - INFO - Contents of VVSLaxman-The-Early-Years loaded
19:48:29 - INFO - Contents of VVSLaxman-The-Hyderabad-Boy loaded
19:48:29 - INFO - Contents of VVSLaxman-The-Journey-of-Self-Discovery loaded
19:48:29 - INFO - Contents of VVSLaxman-The-Knock-That-Changed-My-Life loaded
19:48:29 - INFO - Contents of VVSLaxman-The-Non-Regular-Opener loaded
19:48:29 - INFO - Contents of VVSLaxman-The-Road-to-No-1 loaded
19:48:29 - INFO - Contents of VVSLaxman-The-T20-Roller-Coaster loaded
19:48:29 - INFO - Contents of VVSLaxman-White-Ball-Blues loaded
19:48:29 - INFO - Contents of YuvrajSingh-All-the-Way-to-India loaded
19:48:29 - INFO - Contents of YuvrajSingh-Battle-for-confidence loaded
19:48:29 - INFO - Contents of YuvrajSingh-Change-From-Cricket-Cancer loaded
19:48:29 - INFO - Contents of YuvrajSingh-Taking-Guard-again loaded
19:48:29 - INFO - Contents of YuvrajSingh-The-Test-of_my-life loaded
19:48:29 - INFO - Contents of YuvrajSingh-The-Top-Of-the-World-Cup loaded
19:48:29 - INFO - Number of records loaded 104
19:48:29 - INFO - Number of records match
19:48:29 - INFO - ##################################################
19:48:29 - INFO - ## starting cleanup process
19:48:29 - INFO - ##################################################
